<?xml version="1.0" encoding="UTF-8"?>
<!-- Generated by org.testng.reporters.JUnitReportReporter -->
<testsuite hostname="alayp78" failures="0" tests="3" name="SquareTest" time="0.014" errors="0" timestamp="2021-08-20T15:49:52 EDT" skipped="0">
  <testcase classname="SquareTest" name="testSquarePerimeter" time="0.001"/>
  <system-out/>
  <testcase classname="SquareTest" name="testSquareArea" time="0.001"/>
  <system-out/>
  <testcase classname="SquareTest" name="testGetters" time="0.012"/>
  <system-out/>
</testsuite> <!-- SquareTest -->
