<?xml version="1.0" encoding="UTF-8"?>
<!-- Generated by org.testng.reporters.JUnitReportReporter -->
<testsuite hostname="alayp78" failures="0" tests="3" name="ShapeTests" time="0.015" errors="0" timestamp="2021-08-20T15:49:46 EDT" skipped="0">
  <testcase classname="ShapeTests" name="AreaTest" time="0.013"/>
  <system-out/>
  <testcase classname="ShapeTests" name="PerimeterTest" time="0.001"/>
  <system-out/>
  <testcase classname="ShapeTests" name="GettersTest" time="0.001"/>
  <system-out/>
</testsuite> <!-- ShapeTests -->
