<?xml version="1.0" encoding="UTF-8"?>
<!-- Generated by org.testng.reporters.JUnitReportReporter -->
<testsuite hostname="alayp78" failures="0" tests="3" name="RectangleTest" time="0.011" errors="0" timestamp="2021-08-20T15:45:29 EDT" skipped="0">
  <testcase classname="RectangleTest" name="testRectanglePerimeter" time="0.002"/>
  <system-out/>
  <testcase classname="RectangleTest" name="testRectangleArea" time="0.001"/>
  <system-out/>
  <testcase classname="RectangleTest" name="testGetters" time="0.008"/>
  <system-out/>
</testsuite> <!-- RectangleTest -->
