<?xml version="1.0" encoding="UTF-8"?>
<!-- Generated by org.testng.reporters.JUnitReportReporter -->
<testsuite hostname="alayp78" failures="0" tests="3" name="EquilateralTriangleTest" time="0.009" errors="0" timestamp="2021-08-20T15:45:22 EDT" skipped="0">
  <testcase classname="EquilateralTriangleTest" name="testTriangleArea" time="0.001"/>
  <system-out/>
  <testcase classname="EquilateralTriangleTest" name="testRectanglePerimeter" time="0.001"/>
  <system-out/>
  <testcase classname="EquilateralTriangleTest" name="testGetters" time="0.007"/>
  <system-out/>
</testsuite> <!-- EquilateralTriangleTest -->
